#! /usr/bin/vvp
:ivl_version "10.1 (stable)";
:ivl_delay_selection "TYPICAL";
:vpi_time_precision + 0;
:vpi_module "system";
:vpi_module "vhdl_sys";
:vpi_module "v2005_math";
:vpi_module "va_math";
S_0x56206bd1bb90 .scope module, "probador_FIFO" "probador_FIFO" 2 1;
 .timescale 0 0;
    .port_info 0 /INPUT 1 "fifo_empty"
    .port_info 1 /INPUT 1 "fifo_empty_synth"
    .port_info 2 /INPUT 12 "fifo_data_out"
    .port_info 3 /INPUT 12 "fifo_data_out_synth"
    .port_info 4 /INPUT 1 "fifo_error"
    .port_info 5 /INPUT 1 "fifo_error_synth"
    .port_info 6 /INPUT 1 "almost_full"
    .port_info 7 /INPUT 1 "almost_full_synth"
    .port_info 8 /INPUT 1 "almost_empty"
    .port_info 9 /INPUT 1 "almost_empty_synth"
    .port_info 10 /INPUT 1 "fifo_full"
    .port_info 11 /INPUT 1 "fifo_full_synth"
    .port_info 12 /OUTPUT 1 "clk"
    .port_info 13 /OUTPUT 1 "reset_L"
    .port_info 14 /OUTPUT 1 "read"
    .port_info 15 /OUTPUT 1 "write"
    .port_info 16 /OUTPUT 12 "data_in"
    .port_info 17 /OUTPUT 3 "th_full_almost"
    .port_info 18 /OUTPUT 3 "th_empty_almost"
    .port_info 19 /OUTPUT 1 "error_synth"
P_0x56206bd121a0 .param/l "DATA_SIZE" 0 2 3, +C4<00000000000000000000000000001100>;
P_0x56206bd121e0 .param/l "MAIN_QUEUE_SIZE" 0 2 4, +C4<00000000000000000000000000000011>;
o0x7f33e28c9018 .functor BUFZ 1, C4<z>; HiZ drive
v0x56206bd18fd0_0 .net "almost_empty", 0 0, o0x7f33e28c9018;  0 drivers
o0x7f33e28c9048 .functor BUFZ 1, C4<z>; HiZ drive
v0x56206bd193e0_0 .net "almost_empty_synth", 0 0, o0x7f33e28c9048;  0 drivers
o0x7f33e28c9078 .functor BUFZ 1, C4<z>; HiZ drive
v0x56206bd197f0_0 .net "almost_full", 0 0, o0x7f33e28c9078;  0 drivers
o0x7f33e28c90a8 .functor BUFZ 1, C4<z>; HiZ drive
v0x56206bd19dc0_0 .net "almost_full_synth", 0 0, o0x7f33e28c90a8;  0 drivers
v0x56206bd1a370_0 .var "clk", 0 0;
v0x56206bd1a660_0 .var "data_in", 11 0;
v0x56206bd1ad90_0 .var "error_synth", 0 0;
o0x7f33e28c9168 .functor BUFZ 12, C4<zzzzzzzzzzzz>; HiZ drive
v0x56206bd3b3e0_0 .net "fifo_data_out", 11 0, o0x7f33e28c9168;  0 drivers
o0x7f33e28c9198 .functor BUFZ 12, C4<zzzzzzzzzzzz>; HiZ drive
v0x56206bd3b4c0_0 .net "fifo_data_out_synth", 11 0, o0x7f33e28c9198;  0 drivers
o0x7f33e28c91c8 .functor BUFZ 1, C4<z>; HiZ drive
v0x56206bd3b5a0_0 .net "fifo_empty", 0 0, o0x7f33e28c91c8;  0 drivers
o0x7f33e28c91f8 .functor BUFZ 1, C4<z>; HiZ drive
v0x56206bd3b660_0 .net "fifo_empty_synth", 0 0, o0x7f33e28c91f8;  0 drivers
o0x7f33e28c9228 .functor BUFZ 1, C4<z>; HiZ drive
v0x56206bd3b720_0 .net "fifo_error", 0 0, o0x7f33e28c9228;  0 drivers
o0x7f33e28c9258 .functor BUFZ 1, C4<z>; HiZ drive
v0x56206bd3b7e0_0 .net "fifo_error_synth", 0 0, o0x7f33e28c9258;  0 drivers
o0x7f33e28c9288 .functor BUFZ 1, C4<z>; HiZ drive
v0x56206bd3b8a0_0 .net "fifo_full", 0 0, o0x7f33e28c9288;  0 drivers
o0x7f33e28c92b8 .functor BUFZ 1, C4<z>; HiZ drive
v0x56206bd3b960_0 .net "fifo_full_synth", 0 0, o0x7f33e28c92b8;  0 drivers
v0x56206bd3ba20_0 .var "read", 0 0;
v0x56206bd3bae0_0 .var "reset_L", 0 0;
v0x56206bd3bba0_0 .var "th_empty_almost", 2 0;
v0x56206bd3bc80_0 .var "th_full_almost", 2 0;
v0x56206bd3bd60_0 .var "write", 0 0;
E_0x56206bd060e0 .event posedge, v0x56206bd1a370_0;
    .scope S_0x56206bd1bb90;
T_0 ;
    %pushi/vec4 0, 0, 1;
    %store/vec4 v0x56206bd3bae0_0, 0, 1;
    %pushi/vec4 0, 0, 12;
    %store/vec4 v0x56206bd1a660_0, 0, 12;
    %pushi/vec4 0, 0, 1;
    %store/vec4 v0x56206bd3bd60_0, 0, 1;
    %pushi/vec4 6, 0, 3;
    %store/vec4 v0x56206bd3bc80_0, 0, 3;
    %pushi/vec4 1, 0, 3;
    %store/vec4 v0x56206bd3bba0_0, 0, 3;
    %end;
    .thread T_0;
    .scope S_0x56206bd1bb90;
T_1 ;
    %vpi_call 2 27 "$dumpfile", "verificacion_FIFO.vcd" {0 0 0};
    %vpi_call 2 28 "$dumpvars" {0 0 0};
    %pushi/vec4 0, 0, 1;
    %assign/vec4 v0x56206bd3bd60_0, 0;
    %pushi/vec4 0, 0, 1;
    %assign/vec4 v0x56206bd3ba20_0, 0;
    %pushi/vec4 0, 0, 12;
    %assign/vec4 v0x56206bd1a660_0, 0;
    %pushi/vec4 0, 0, 1;
    %assign/vec4 v0x56206bd3bae0_0, 0;
    %pushi/vec4 0, 0, 1;
    %assign/vec4 v0x56206bd3ba20_0, 0;
    %pushi/vec4 0, 0, 1;
    %assign/vec4 v0x56206bd3bd60_0, 0;
    %delay 4, 0;
    %wait E_0x56206bd060e0;
    %wait E_0x56206bd060e0;
    %pushi/vec4 1, 0, 1;
    %assign/vec4 v0x56206bd3bae0_0, 0;
    %pushi/vec4 10, 0, 12;
    %assign/vec4 v0x56206bd1a660_0, 0;
    %pushi/vec4 2, 0, 32;
T_1.0 %dup/vec4;
    %pushi/vec4 0, 0, 32;
    %cmp/s;
    %jmp/1xz T_1.1, 5;
    %jmp/1 T_1.1, 4;
    %pushi/vec4 1, 0, 32;
    %sub;
    %wait E_0x56206bd060e0;
    %pushi/vec4 1, 0, 1;
    %assign/vec4 v0x56206bd3bd60_0, 0;
    %load/vec4 v0x56206bd1a660_0;
    %addi 16, 0, 12;
    %assign/vec4 v0x56206bd1a660_0, 0;
    %jmp T_1.0;
T_1.1 ;
    %pop/vec4 1;
    %wait E_0x56206bd060e0;
    %load/vec4 v0x56206bd1a660_0;
    %addi 16, 0, 12;
    %assign/vec4 v0x56206bd1a660_0, 0;
    %pushi/vec4 2, 0, 32;
T_1.2 %dup/vec4;
    %pushi/vec4 0, 0, 32;
    %cmp/s;
    %jmp/1xz T_1.3, 5;
    %jmp/1 T_1.3, 4;
    %pushi/vec4 1, 0, 32;
    %sub;
    %wait E_0x56206bd060e0;
    %pushi/vec4 0, 0, 1;
    %assign/vec4 v0x56206bd3bd60_0, 0;
    %load/vec4 v0x56206bd1a660_0;
    %addi 255, 0, 12;
    %assign/vec4 v0x56206bd1a660_0, 0;
    %jmp T_1.2;
T_1.3 ;
    %pop/vec4 1;
    %wait E_0x56206bd060e0;
    %pushi/vec4 1, 0, 1;
    %assign/vec4 v0x56206bd3bd60_0, 0;
    %pushi/vec4 74, 0, 12;
    %assign/vec4 v0x56206bd1a660_0, 0;
    %pushi/vec4 2, 0, 32;
T_1.4 %dup/vec4;
    %pushi/vec4 0, 0, 32;
    %cmp/s;
    %jmp/1xz T_1.5, 5;
    %jmp/1 T_1.5, 4;
    %pushi/vec4 1, 0, 32;
    %sub;
    %wait E_0x56206bd060e0;
    %pushi/vec4 1, 0, 1;
    %assign/vec4 v0x56206bd3bd60_0, 0;
    %load/vec4 v0x56206bd1a660_0;
    %addi 16, 0, 12;
    %assign/vec4 v0x56206bd1a660_0, 0;
    %jmp T_1.4;
T_1.5 ;
    %pop/vec4 1;
    %wait E_0x56206bd060e0;
    %pushi/vec4 0, 0, 1;
    %assign/vec4 v0x56206bd3bd60_0, 0;
    %pushi/vec4 4, 0, 32;
T_1.6 %dup/vec4;
    %pushi/vec4 0, 0, 32;
    %cmp/s;
    %jmp/1xz T_1.7, 5;
    %jmp/1 T_1.7, 4;
    %pushi/vec4 1, 0, 32;
    %sub;
    %wait E_0x56206bd060e0;
    %pushi/vec4 1, 0, 1;
    %assign/vec4 v0x56206bd3ba20_0, 0;
    %jmp T_1.6;
T_1.7 ;
    %pop/vec4 1;
    %wait E_0x56206bd060e0;
    %pushi/vec4 1, 0, 1;
    %assign/vec4 v0x56206bd3ba20_0, 0;
    %pushi/vec4 2, 0, 32;
T_1.8 %dup/vec4;
    %pushi/vec4 0, 0, 32;
    %cmp/s;
    %jmp/1xz T_1.9, 5;
    %jmp/1 T_1.9, 4;
    %pushi/vec4 1, 0, 32;
    %sub;
    %wait E_0x56206bd060e0;
    %pushi/vec4 0, 0, 1;
    %assign/vec4 v0x56206bd3bd60_0, 0;
    %pushi/vec4 0, 0, 1;
    %assign/vec4 v0x56206bd3ba20_0, 0;
    %jmp T_1.8;
T_1.9 ;
    %pop/vec4 1;
    %pushi/vec4 4, 0, 32;
T_1.10 %dup/vec4;
    %pushi/vec4 0, 0, 32;
    %cmp/s;
    %jmp/1xz T_1.11, 5;
    %jmp/1 T_1.11, 4;
    %pushi/vec4 1, 0, 32;
    %sub;
    %wait E_0x56206bd060e0;
    %pushi/vec4 0, 0, 1;
    %assign/vec4 v0x56206bd3ba20_0, 0;
    %jmp T_1.10;
T_1.11 ;
    %pop/vec4 1;
    %pushi/vec4 4, 0, 32;
T_1.12 %dup/vec4;
    %pushi/vec4 0, 0, 32;
    %cmp/s;
    %jmp/1xz T_1.13, 5;
    %jmp/1 T_1.13, 4;
    %pushi/vec4 1, 0, 32;
    %sub;
    %wait E_0x56206bd060e0;
    %pushi/vec4 1, 0, 1;
    %assign/vec4 v0x56206bd3ba20_0, 0;
    %pushi/vec4 1, 0, 1;
    %assign/vec4 v0x56206bd3bd60_0, 0;
    %load/vec4 v0x56206bd1a660_0;
    %addi 1, 0, 12;
    %assign/vec4 v0x56206bd1a660_0, 0;
    %jmp T_1.12;
T_1.13 ;
    %pop/vec4 1;
    %pushi/vec4 8, 0, 32;
T_1.14 %dup/vec4;
    %pushi/vec4 0, 0, 32;
    %cmp/s;
    %jmp/1xz T_1.15, 5;
    %jmp/1 T_1.15, 4;
    %pushi/vec4 1, 0, 32;
    %sub;
    %wait E_0x56206bd060e0;
    %pushi/vec4 0, 0, 1;
    %assign/vec4 v0x56206bd3bd60_0, 0;
    %pushi/vec4 1, 0, 1;
    %assign/vec4 v0x56206bd3ba20_0, 0;
    %jmp T_1.14;
T_1.15 ;
    %pop/vec4 1;
    %wait E_0x56206bd060e0;
    %pushi/vec4 0, 0, 1;
    %store/vec4 v0x56206bd3ba20_0, 0, 1;
    %pushi/vec4 10, 0, 32;
T_1.16 %dup/vec4;
    %pushi/vec4 0, 0, 32;
    %cmp/s;
    %jmp/1xz T_1.17, 5;
    %jmp/1 T_1.17, 4;
    %pushi/vec4 1, 0, 32;
    %sub;
    %wait E_0x56206bd060e0;
    %pushi/vec4 1, 0, 1;
    %assign/vec4 v0x56206bd3bd60_0, 0;
    %load/vec4 v0x56206bd1a660_0;
    %addi 1, 0, 12;
    %assign/vec4 v0x56206bd1a660_0, 0;
    %jmp T_1.16;
T_1.17 ;
    %pop/vec4 1;
    %pushi/vec4 2, 0, 32;
T_1.18 %dup/vec4;
    %pushi/vec4 0, 0, 32;
    %cmp/s;
    %jmp/1xz T_1.19, 5;
    %jmp/1 T_1.19, 4;
    %pushi/vec4 1, 0, 32;
    %sub;
    %wait E_0x56206bd060e0;
    %pushi/vec4 0, 0, 1;
    %assign/vec4 v0x56206bd3ba20_0, 0;
    %pushi/vec4 0, 0, 1;
    %assign/vec4 v0x56206bd3bd60_0, 0;
    %jmp T_1.18;
T_1.19 ;
    %pop/vec4 1;
    %pushi/vec4 4, 0, 32;
T_1.20 %dup/vec4;
    %pushi/vec4 0, 0, 32;
    %cmp/s;
    %jmp/1xz T_1.21, 5;
    %jmp/1 T_1.21, 4;
    %pushi/vec4 1, 0, 32;
    %sub;
    %pushi/vec4 1, 0, 1;
    %assign/vec4 v0x56206bd3ba20_0, 0;
    %wait E_0x56206bd060e0;
    %jmp T_1.20;
T_1.21 ;
    %pop/vec4 1;
    %wait E_0x56206bd060e0;
    %pushi/vec4 0, 0, 1;
    %assign/vec4 v0x56206bd3ba20_0, 0;
    %pushi/vec4 8, 0, 32;
T_1.22 %dup/vec4;
    %pushi/vec4 0, 0, 32;
    %cmp/s;
    %jmp/1xz T_1.23, 5;
    %jmp/1 T_1.23, 4;
    %pushi/vec4 1, 0, 32;
    %sub;
    %pushi/vec4 1, 0, 1;
    %assign/vec4 v0x56206bd3bd60_0, 0;
    %pushi/vec4 1, 0, 1;
    %assign/vec4 v0x56206bd3ba20_0, 0;
    %load/vec4 v0x56206bd1a660_0;
    %addi 1, 0, 12;
    %assign/vec4 v0x56206bd1a660_0, 0;
    %wait E_0x56206bd060e0;
    %jmp T_1.22;
T_1.23 ;
    %pop/vec4 1;
    %vpi_call 2 140 "$finish" {0 0 0};
    %end;
    .thread T_1;
    .scope S_0x56206bd1bb90;
T_2 ;
    %wait E_0x56206bd060e0;
    %load/vec4 v0x56206bd3b3e0_0;
    %load/vec4 v0x56206bd3b4c0_0;
    %cmp/ne;
    %jmp/0xz  T_2.0, 4;
    %pushi/vec4 1, 0, 1;
    %assign/vec4 v0x56206bd1ad90_0, 0;
    %jmp T_2.1;
T_2.0 ;
    %pushi/vec4 0, 0, 1;
    %assign/vec4 v0x56206bd1ad90_0, 0;
T_2.1 ;
    %jmp T_2;
    .thread T_2;
    .scope S_0x56206bd1bb90;
T_3 ;
    %pushi/vec4 0, 0, 1;
    %assign/vec4 v0x56206bd1a370_0, 0;
    %end;
    .thread T_3;
    .scope S_0x56206bd1bb90;
T_4 ;
    %delay 200, 0;
    %load/vec4 v0x56206bd1a370_0;
    %inv;
    %assign/vec4 v0x56206bd1a370_0, 0;
    %jmp T_4;
    .thread T_4;
# The file index is used to find the file name in the following table.
:file_names 3;
    "N/A";
    "<interactive>";
    "probador_FIFO.v";
